<?xml version="1.0" encoding="UTF-8"?>
<testsuite name="ru.netology.service.CashbackHackServiceTest_Ju_4" tests="3" skipped="0" failures="0" errors="0" timestamp="2021-01-14T13:58:46" hostname="LAPTOP-TEMRJEBK" time="0.008">
  <properties/>
  <testcase name="remainReturn1000IfAmount1000" classname="ru.netology.service.CashbackHackServiceTest_Ju_4" time="0.007"/>
  <testcase name="remainReturn1IfAmount999" classname="ru.netology.service.CashbackHackServiceTest_Ju_4" time="0.0"/>
  <testcase name="remainReturn100IfAmount900" classname="ru.netology.service.CashbackHackServiceTest_Ju_4" time="0.0"/>
  <system-out><![CDATA[]]></system-out>
  <system-err><![CDATA[]]></system-err>
</testsuite>
